Построение начато 03.01.2017 2:04:00.
     1>Проект "D:\STPMS_oop\Lab9-10._STL\ConsoleApplication2\ConsoleApplication2\ConsoleApplication2.vcxproj" в узле 2 (целевые объекты Build).
     1>ClCompile:
         C:\Program Files (x86)\Microsoft Visual Studio 11.0\VC\bin\CL.exe /c /ZI /nologo /W3 /WX- /sdl /Od /Oy- /D WIN32 /D _DEBUG /D _CONSOLE /D _UNICODE /D UNICODE /Gm /EHsc /RTC1 /MDd /GS /fp:precise /Zc:wchar_t /Zc:forScope /Yu"stdafx.h" /Fp"Debug\ConsoleApplication2.pch" /Fo"Debug\\" /Fd"Debug\vc110.pdb" /Gd /TP /analyze- /errorReport:prompt ConsoleApplication2.cpp
         ConsoleApplication2.cpp
     1>c:\program files (x86)\microsoft visual studio 11.0\vc\include\algorithm(3702): error C2784: 'unknown-type' std::operator -(std::move_iterator<_RanIt> &,const std::move_iterator<_RanIt2> &): не удалось вывести аргумент шаблон для "std::move_iterator<_RanIt> &" из "std::_List_const_iterator<_Mylist>"
                 with
                 [
                     _Mylist=std::_List_val<std::_List_simple_types<int>>
                 ]
                 c:\program files (x86)\microsoft visual studio 11.0\vc\include\xutility(1955): см. объявление "std::operator -"
                 d:\stpms_oop\lab9-10._stl\consoleapplication2\consoleapplication2\consoleapplication2.cpp(73): см. ссылку на создание экземпляров функции шаблон при компиляции "void std::sort<std::_List_const_iterator<_Mylist>>(_RanIt,_RanIt)"
                 with
                 [
                     _Mylist=std::_List_val<std::_List_simple_types<int>>,
                     _RanIt=std::_List_const_iterator<std::_List_val<std::_List_simple_types<int>>>
                 ]
                 c:\program files (x86)\microsoft visual studio 11.0\vc\include\xutility(1955): см. объявление "std::operator -"
                 c:\program files (x86)\microsoft visual studio 11.0\vc\include\xutility(1955): см. объявление "std::operator -"
                 c:\program files (x86)\microsoft visual studio 11.0\vc\include\xutility(1955): см. объявление "std::operator -"
     1>c:\program files (x86)\microsoft visual studio 11.0\vc\include\algorithm(3702): error C2784: 'unknown-type' std::operator -(const std::reverse_iterator<_RanIt> &,const std::reverse_iterator<_RanIt2> &): не удалось вывести аргумент шаблон для "const std::reverse_iterator<_RanIt> &" из "std::_List_const_iterator<_Mylist>"
                 with
                 [
                     _Mylist=std::_List_val<std::_List_simple_types<int>>
                 ]
                 c:\program files (x86)\microsoft visual studio 11.0\vc\include\xutility(1234): см. объявление "std::operator -"
                 c:\program files (x86)\microsoft visual studio 11.0\vc\include\xutility(1234): см. объявление "std::operator -"
                 c:\program files (x86)\microsoft visual studio 11.0\vc\include\xutility(1234): см. объявление "std::operator -"
                 c:\program files (x86)\microsoft visual studio 11.0\vc\include\xutility(1234): см. объявление "std::operator -"
     1>c:\program files (x86)\microsoft visual studio 11.0\vc\include\algorithm(3702): error C2784: 'unknown-type' std::operator -(const std::_Revranit<_RanIt,_Base> &,const std::_Revranit<_RanIt2,_Base2> &): не удалось вывести аргумент шаблон для "const std::_Revranit<_RanIt,_Base> &" из "std::_List_const_iterator<_Mylist>"
                 with
                 [
                     _Mylist=std::_List_val<std::_List_simple_types<int>>
                 ]
                 c:\program files (x86)\microsoft visual studio 11.0\vc\include\xutility(1041): см. объявление "std::operator -"
                 c:\program files (x86)\microsoft visual studio 11.0\vc\include\xutility(1041): см. объявление "std::operator -"
                 c:\program files (x86)\microsoft visual studio 11.0\vc\include\xutility(1041): см. объявление "std::operator -"
                 c:\program files (x86)\microsoft visual studio 11.0\vc\include\xutility(1041): см. объявление "std::operator -"
     1>c:\program files (x86)\microsoft visual studio 11.0\vc\include\algorithm(3702): error C2676: бинарный "-": "std::_List_const_iterator<_Mylist>" не определяет этот оператор или преобразование к типу приемлемо к встроенному оператору
                 with
                 [
                     _Mylist=std::_List_val<std::_List_simple_types<int>>
                 ]
     1>c:\program files (x86)\microsoft visual studio 11.0\vc\include\algorithm(3702): error C2780: void std::_Sort(_RanIt,_RanIt,_Diff,_Pr): требует аргументов: 4, имеется: 3
                 c:\program files (x86)\microsoft visual studio 11.0\vc\include\algorithm(3832): см. объявление "std::_Sort"
     1>Построение проекта "D:\STPMS_oop\Lab9-10._STL\ConsoleApplication2\ConsoleApplication2\ConsoleApplication2.vcxproj" завершено (целевые объекты Build) с ошибкой.

Сбой построения.

Затраченное время: 00:00:02.81
