D:\STPMS_OOP\LAB13._DLL\WIN32PROJECT1(DYNAMIC)\WIN32PROJECT1(DYNAMIC)\DEBUG\MAIN.OBJ
D:\STPMS_OOP\LAB13._DLL\WIN32PROJECT1(DYNAMIC)\WIN32PROJECT1(DYNAMIC)\DEBUG\VC110.PDB
D:\STPMS_OOP\LAB13._DLL\WIN32PROJECT1(DYNAMIC)\DEBUG\WIN32PROJECT1(DYNAMIC).ILK
D:\STPMS_OOP\LAB13._DLL\WIN32PROJECT1(DYNAMIC)\DEBUG\WIN32PROJECT1(DYNAMIC).EXE
D:\STPMS_OOP\LAB13._DLL\WIN32PROJECT1(DYNAMIC)\DEBUG\WIN32PROJECT1(DYNAMIC).PDB
D:\STPMS_oop\Lab13._DLL\Win32Project1(DYNAMIC)\Win32Project1(DYNAMIC)\Debug\main.obj
D:\STPMS_oop\Lab13._DLL\Win32Project1(DYNAMIC)\Win32Project1(DYNAMIC)\Debug\cl.command.1.tlog
D:\STPMS_oop\Lab13._DLL\Win32Project1(DYNAMIC)\Win32Project1(DYNAMIC)\Debug\CL.read.1.tlog
D:\STPMS_oop\Lab13._DLL\Win32Project1(DYNAMIC)\Win32Project1(DYNAMIC)\Debug\CL.write.1.tlog
D:\STPMS_oop\Lab13._DLL\Win32Project1(DYNAMIC)\Win32Project1(DYNAMIC)\Debug\link-cvtres.read.1.tlog
D:\STPMS_oop\Lab13._DLL\Win32Project1(DYNAMIC)\Win32Project1(DYNAMIC)\Debug\link-cvtres.write.1.tlog
D:\STPMS_oop\Lab13._DLL\Win32Project1(DYNAMIC)\Win32Project1(DYNAMIC)\Debug\link-rc.read.1.tlog
D:\STPMS_oop\Lab13._DLL\Win32Project1(DYNAMIC)\Win32Project1(DYNAMIC)\Debug\link-rc.write.1.tlog
D:\STPMS_oop\Lab13._DLL\Win32Project1(DYNAMIC)\Win32Project1(DYNAMIC)\Debug\link.command.1.tlog
D:\STPMS_oop\Lab13._DLL\Win32Project1(DYNAMIC)\Win32Project1(DYNAMIC)\Debug\link.read.1.tlog
D:\STPMS_oop\Lab13._DLL\Win32Project1(DYNAMIC)\Win32Project1(DYNAMIC)\Debug\link.write.1.tlog
D:\STPMS_oop\Lab13._DLL\Win32Project1(DYNAMIC)\Win32Project1(DYNAMIC)\Debug\vc110.idb
D:\STPMS_oop\Lab13._DLL\Win32Project1(DYNAMIC)\Win32Project1(DYNAMIC)\Debug\vc110.pdb
D:\STPMS_oop\Lab13._DLL\Win32Project1(DYNAMIC)\Debug\Win32Project1(DYNAMIC).pdb
D:\STPMS_oop\Lab13._DLL\Win32Project1(DYNAMIC)\Debug\Win32Project1(DYNAMIC).exe
D:\STPMS_oop\Lab13._DLL\Win32Project1(DYNAMIC)\Debug\Win32Project1(DYNAMIC).ilk
