D:\STPMS_OOP\LAB13._DLL\CONSOLEAPPLICATION1(STATIC)\CONSOLEAPPLICATION1(STATIC)\DEBUG\MAIN.OBJ
D:\STPMS_OOP\LAB13._DLL\CONSOLEAPPLICATION1(STATIC)\CONSOLEAPPLICATION1(STATIC)\DEBUG\VC110.PDB
D:\STPMS_OOP\LAB13._DLL\CONSOLEAPPLICATION1(STATIC)\DEBUG\CONSOLEAPPLICATION1(STATIC).ILK
D:\STPMS_OOP\LAB13._DLL\CONSOLEAPPLICATION1(STATIC)\DEBUG\CONSOLEAPPLICATION1(STATIC).EXE
D:\STPMS_OOP\LAB13._DLL\CONSOLEAPPLICATION1(STATIC)\DEBUG\CONSOLEAPPLICATION1(STATIC).PDB
D:\STPMS_oop\Lab13._DLL\ConsoleApplication1(STATIC)\ConsoleApplication1(STATIC)\Debug\main.obj
D:\STPMS_oop\Lab13._DLL\ConsoleApplication1(STATIC)\ConsoleApplication1(STATIC)\Debug\cl.command.1.tlog
D:\STPMS_oop\Lab13._DLL\ConsoleApplication1(STATIC)\ConsoleApplication1(STATIC)\Debug\CL.read.1.tlog
D:\STPMS_oop\Lab13._DLL\ConsoleApplication1(STATIC)\ConsoleApplication1(STATIC)\Debug\CL.write.1.tlog
D:\STPMS_oop\Lab13._DLL\ConsoleApplication1(STATIC)\ConsoleApplication1(STATIC)\Debug\link-cvtres.read.1.tlog
D:\STPMS_oop\Lab13._DLL\ConsoleApplication1(STATIC)\ConsoleApplication1(STATIC)\Debug\link-cvtres.write.1.tlog
D:\STPMS_oop\Lab13._DLL\ConsoleApplication1(STATIC)\ConsoleApplication1(STATIC)\Debug\link-rc.read.1.tlog
D:\STPMS_oop\Lab13._DLL\ConsoleApplication1(STATIC)\ConsoleApplication1(STATIC)\Debug\link-rc.write.1.tlog
D:\STPMS_oop\Lab13._DLL\ConsoleApplication1(STATIC)\ConsoleApplication1(STATIC)\Debug\link.5648-cvtres.read.1.tlog
D:\STPMS_oop\Lab13._DLL\ConsoleApplication1(STATIC)\ConsoleApplication1(STATIC)\Debug\link.5648-cvtres.write.1.tlog
D:\STPMS_oop\Lab13._DLL\ConsoleApplication1(STATIC)\ConsoleApplication1(STATIC)\Debug\link.5648-rc.read.1.tlog
D:\STPMS_oop\Lab13._DLL\ConsoleApplication1(STATIC)\ConsoleApplication1(STATIC)\Debug\link.5648-rc.write.1.tlog
D:\STPMS_oop\Lab13._DLL\ConsoleApplication1(STATIC)\ConsoleApplication1(STATIC)\Debug\link.5648.read.1.tlog
D:\STPMS_oop\Lab13._DLL\ConsoleApplication1(STATIC)\ConsoleApplication1(STATIC)\Debug\link.5648.write.1.tlog
D:\STPMS_oop\Lab13._DLL\ConsoleApplication1(STATIC)\ConsoleApplication1(STATIC)\Debug\link.command.1.tlog
D:\STPMS_oop\Lab13._DLL\ConsoleApplication1(STATIC)\ConsoleApplication1(STATIC)\Debug\link.read.1.tlog
D:\STPMS_oop\Lab13._DLL\ConsoleApplication1(STATIC)\ConsoleApplication1(STATIC)\Debug\link.write.1.tlog
D:\STPMS_oop\Lab13._DLL\ConsoleApplication1(STATIC)\ConsoleApplication1(STATIC)\Debug\vc110.idb
D:\STPMS_oop\Lab13._DLL\ConsoleApplication1(STATIC)\ConsoleApplication1(STATIC)\Debug\vc110.pdb
D:\STPMS_oop\Lab13._DLL\ConsoleApplication1(STATIC)\Debug\ConsoleApplication1(STATIC).pdb
D:\STPMS_oop\Lab13._DLL\ConsoleApplication1(STATIC)\Debug\ConsoleApplication1(STATIC).exe
D:\STPMS_oop\Lab13._DLL\ConsoleApplication1(STATIC)\Debug\ConsoleApplication1(STATIC).ilk
