Построение начато 02.01.2017 15:39:27.
     1>Проект "D:\STPMS_oop\Lab4._Virtual\ConsoleApplication1\ConsoleApplication1\ConsoleApplication1.vcxproj" в узле 2 (целевые объекты Build).
     1>ClCompile:
         C:\Program Files (x86)\Microsoft Visual Studio 11.0\VC\bin\CL.exe /c /ZI /nologo /W3 /WX- /sdl /Od /Oy- /D WIN32 /D _DEBUG /D _CONSOLE /D _UNICODE /D UNICODE /Gm /EHsc /RTC1 /MDd /GS /fp:precise /Zc:wchar_t /Zc:forScope /Yu"stdafx.h" /Fp"Debug\ConsoleApplication1.pch" /Fo"Debug\\" /Fd"Debug\vc110.pdb" /Gd /TP /analyze- /errorReport:prompt ConsoleApplication1.cpp
         ConsoleApplication1.cpp
     1>d:\stpms_oop\lab4._virtual\consoleapplication1\consoleapplication1\consoleapplication1.cpp(78): warning C4244: инициализация: преобразование "double" в "int", возможна потеря данных
       Link:
         C:\Program Files (x86)\Microsoft Visual Studio 11.0\VC\bin\link.exe /ERRORREPORT:PROMPT /OUT:"D:\STPMS_oop\Lab4._Virtual\ConsoleApplication1\Debug\ConsoleApplication1.exe" /INCREMENTAL /NOLOGO kernel32.lib user32.lib gdi32.lib winspool.lib comdlg32.lib advapi32.lib shell32.lib ole32.lib oleaut32.lib uuid.lib odbc32.lib odbccp32.lib /MANIFEST /MANIFESTUAC:"level='asInvoker' uiAccess='false'" /manifest:embed /DEBUG /PDB:"D:\STPMS_oop\Lab4._Virtual\ConsoleApplication1\Debug\ConsoleApplication1.pdb" /SUBSYSTEM:CONSOLE /TLBID:1 /DYNAMICBASE /NXCOMPAT /IMPLIB:"D:\STPMS_oop\Lab4._Virtual\ConsoleApplication1\Debug\ConsoleApplication1.lib" /MACHINE:X86 Debug\Certification.obj
         Debug\ConsoleApplication1.obj
         Debug\Documents.obj
         "Debug\Driver's_license.obj"
         Debug\Invoice.obj
         Debug\Pasport.obj
         Debug\Printer.obj
         Debug\Quittance.obj
         Debug\stdafx.obj
         ConsoleApplication1.vcxproj -> D:\STPMS_oop\Lab4._Virtual\ConsoleApplication1\Debug\ConsoleApplication1.exe
     1>Построение проекта "D:\STPMS_oop\Lab4._Virtual\ConsoleApplication1\ConsoleApplication1\ConsoleApplication1.vcxproj" завершено (целевые объекты Build).

Построение успешно завершено.

Затраченное время: 00:00:03.76
