D:\STPMS_OOP\LAB13._DLL\WIN32PROJECT(DLL)\WIN32PROJECT(DLL)\DEBUG\DLL.OBJ
D:\STPMS_OOP\LAB13._DLL\WIN32PROJECT(DLL)\WIN32PROJECT(DLL)\DEBUG\VC110.PDB
D:\STPMS_OOP\LAB13._DLL\WIN32PROJECT(DLL)\DEBUG\WIN32PROJECT(DLL).ILK
D:\STPMS_OOP\LAB13._DLL\WIN32PROJECT(DLL)\DEBUG\WIN32PROJECT(DLL).DLL
D:\STPMS_OOP\LAB13._DLL\WIN32PROJECT(DLL)\DEBUG\WIN32PROJECT(DLL).PDB
D:\STPMS_oop\Lab13._DLL\Win32Project(DLL)\Debug\Win32Project(DLL).lib
D:\STPMS_oop\Lab13._DLL\Win32Project(DLL)\Debug\Win32Project(DLL).exp
D:\STPMS_oop\Lab13._DLL\Win32Project(DLL)\Win32Project(DLL)\Debug\DLL.obj
D:\STPMS_oop\Lab13._DLL\Win32Project(DLL)\Win32Project(DLL)\Debug\cl.command.1.tlog
D:\STPMS_oop\Lab13._DLL\Win32Project(DLL)\Win32Project(DLL)\Debug\CL.read.1.tlog
D:\STPMS_oop\Lab13._DLL\Win32Project(DLL)\Win32Project(DLL)\Debug\CL.write.1.tlog
D:\STPMS_oop\Lab13._DLL\Win32Project(DLL)\Win32Project(DLL)\Debug\link-cvtres.read.1.tlog
D:\STPMS_oop\Lab13._DLL\Win32Project(DLL)\Win32Project(DLL)\Debug\link-cvtres.write.1.tlog
D:\STPMS_oop\Lab13._DLL\Win32Project(DLL)\Win32Project(DLL)\Debug\link-rc.read.1.tlog
D:\STPMS_oop\Lab13._DLL\Win32Project(DLL)\Win32Project(DLL)\Debug\link-rc.write.1.tlog
D:\STPMS_oop\Lab13._DLL\Win32Project(DLL)\Win32Project(DLL)\Debug\link.command.1.tlog
D:\STPMS_oop\Lab13._DLL\Win32Project(DLL)\Win32Project(DLL)\Debug\link.read.1.tlog
D:\STPMS_oop\Lab13._DLL\Win32Project(DLL)\Win32Project(DLL)\Debug\link.write.1.tlog
D:\STPMS_oop\Lab13._DLL\Win32Project(DLL)\Win32Project(DLL)\Debug\Win32Project(DLL).write.1.tlog
D:\STPMS_oop\Lab13._DLL\Win32Project(DLL)\Win32Project(DLL)\Debug\vc110.idb
D:\STPMS_oop\Lab13._DLL\Win32Project(DLL)\Win32Project(DLL)\Debug\vc110.pdb
D:\STPMS_oop\Lab13._DLL\Win32Project(DLL)\Debug\Win32Project(DLL).pdb
D:\STPMS_oop\Lab13._DLL\Win32Project(DLL)\Debug\Win32Project(DLL).dll
D:\STPMS_oop\Lab13._DLL\Win32Project(DLL)\Debug\Win32Project(DLL).ilk
